Using pre-set license
Built from '6000.0/staging' branch; Version is '6000.0.41f1 (46e447368a18) revision 4645959'; Using compiler version '193933523'; Build Type 'Release'
OS: 'Windows 11  (10.0.22631) 64bit Professional' Language: 'ja' Physical Memory: 32440 MB
BatchMode: 1, IsHumanControllingUs: 0, StartBugReporterOnCrash: 0, Is64bit: 1, IsPro: 1

COMMAND LINE ARGUMENTS:
C:\Program Files\Unity\Hub\Editor\6000.0.41f1\Editor\Unity.exe
-adb2
-batchMode
-noUpm
-name
AssetImportWorker3
-projectPath
D:/23a31a0007/soro_create-main/My project
-logFile
Logs/AssetImportWorker3.log
-srvPort
52021
-job-worker-count
7
-background-job-worker-count
8
-gc-helper-count
1
Successfully changed project path to: D:/23a31a0007/soro_create-main/My project
D:/23a31a0007/soro_create-main/My project
[UnityMemory] Configuration Parameters - Can be set up in boot.config
    "memorysetup-bucket-allocator-granularity=16"
    "memorysetup-bucket-allocator-bucket-count=8"
    "memorysetup-bucket-allocator-block-size=33554432"
    "memorysetup-bucket-allocator-block-count=8"
    "memorysetup-main-allocator-block-size=16777216"
    "memorysetup-thread-allocator-block-size=16777216"
    "memorysetup-gfx-main-allocator-block-size=16777216"
    "memorysetup-gfx-thread-allocator-block-size=16777216"
    "memorysetup-cache-allocator-block-size=4194304"
    "memorysetup-typetree-allocator-block-size=2097152"
    "memorysetup-profiler-bucket-allocator-granularity=16"
    "memorysetup-profiler-bucket-allocator-bucket-count=8"
    "memorysetup-profiler-bucket-allocator-block-size=33554432"
    "memorysetup-profiler-bucket-allocator-block-count=8"
    "memorysetup-profiler-allocator-block-size=16777216"
    "memorysetup-profiler-editor-allocator-block-size=1048576"
    "memorysetup-temp-allocator-size-main=16777216"
    "memorysetup-job-temp-allocator-block-size=2097152"
    "memorysetup-job-temp-allocator-block-size-background=1048576"
    "memorysetup-job-temp-allocator-reduction-small-platforms=262144"
    "memorysetup-allocator-temp-initial-block-size-main=262144"
    "memorysetup-allocator-temp-initial-block-size-worker=262144"
    "memorysetup-temp-allocator-size-background-worker=32768"
    "memorysetup-temp-allocator-size-job-worker=262144"
    "memorysetup-temp-allocator-size-preload-manager=33554432"
    "memorysetup-temp-allocator-size-nav-mesh-worker=65536"
    "memorysetup-temp-allocator-size-audio-worker=65536"
    "memorysetup-temp-allocator-size-cloud-worker=32768"
    "memorysetup-temp-allocator-size-gi-baking-worker=262144"
    "memorysetup-temp-allocator-size-gi-baking-worker=262144"
    "memorysetup-temp-allocator-size-gi-baking-worker=262144"
    "memorysetup-temp-allocator-size-gi-baking-worker=262144"
    "memorysetup-temp-allocator-size-gi-baking-worker=262144"
    "memorysetup-temp-allocator-size-gfx=262144"
Player connection [28628]  Target information:

Player connection [28628]  * "[IP] 172.22.90.119 [Port] 0 [Flags] 2 [Guid] 2537349579 [EditorId] 2537349579 [Version] 1048832 [Id] WindowsEditor(7,604-37) [Debug] 1 [PackageName] WindowsEditor [ProjectName] Editor" 

Player connection [28628]  * "[IP] 172.27.128.1 [Port] 0 [Flags] 2 [Guid] 2537349579 [EditorId] 2537349579 [Version] 1048832 [Id] WindowsEditor(7,604-37) [Debug] 1 [PackageName] WindowsEditor [ProjectName] Editor" 

Player connection [28628]  * "[IP] 192.168.239.1 [Port] 0 [Flags] 2 [Guid] 2537349579 [EditorId] 2537349579 [Version] 1048832 [Id] WindowsEditor(7,604-37) [Debug] 1 [PackageName] WindowsEditor [ProjectName] Editor" 

Player connection [28628]  * "[IP] 192.168.44.1 [Port] 0 [Flags] 2 [Guid] 2537349579 [EditorId] 2537349579 [Version] 1048832 [Id] WindowsEditor(7,604-37) [Debug] 1 [PackageName] WindowsEditor [ProjectName] Editor" 

Player connection [28628]  * "[IP] 192.168.56.1 [Port] 0 [Flags] 2 [Guid] 2537349579 [EditorId] 2537349579 [Version] 1048832 [Id] WindowsEditor(7,604-37) [Debug] 1 [PackageName] WindowsEditor [ProjectName] Editor" 

Player connection [28628] Host joined multi-casting on [225.0.0.222:54997]...
Player connection [28628] Host joined alternative multi-casting on [225.0.0.222:34997]...
JobSystem: Creating JobQueue using job-worker-count value 7
Input System module state changed to: Initialized.
[Physics::Module] Initialized fallback backend.
[Physics::Module] Id: 0xdecafbad
Library Redirect Path: Library/
[Physics::Module] Selected backend.
[Physics::Module] Name: PhysX
[Physics::Module] Id: 0xf2b8ea05
[Physics::Module] SDK Version: 4.1.2
[Physics::Module] Integration Version: 1.0.0
[Physics::Module] Threading Mode: Multi-Threaded
Refreshing native plugins compatible for Editor in 1.01 ms, found 3 plugins.
Preloading 0 native plugins for Editor in 0.00 ms.
Initialize engine version: 6000.0.41f1 (46e447368a18)
[Subsystems] Discovering subsystems at path C:/Program Files/Unity/Hub/Editor/6000.0.41f1/Editor/Data/Resources/UnitySubsystems
[Subsystems] Discovering subsystems at path D:/23a31a0007/soro_create-main/My project/Assets
GfxDevice: creating device client; kGfxThreadingModeNonThreaded
Direct3D:
    Version:  Direct3D 11.0 [level 11.1]
    Renderer: NVIDIA GeForce RTX 3070 (ID=0x2484)
    Vendor:   NVIDIA
    VRAM:     8018 MB
    Driver:   32.0.15.6624
Initialize mono
Mono path[0] = 'C:/Program Files/Unity/Hub/Editor/6000.0.41f1/Editor/Data/Managed'
Mono path[1] = 'C:/Program Files/Unity/Hub/Editor/6000.0.41f1/Editor/Data/MonoBleedingEdge/lib/mono/unityjit-win32'
Mono config path = 'C:/Program Files/Unity/Hub/Editor/6000.0.41f1/Editor/Data/MonoBleedingEdge/etc'
Using monoOptions --debugger-agent=transport=dt_socket,embedding=1,server=y,suspend=n,address=127.0.0.1:56260
Begin MonoManager ReloadAssembly
Registering precompiled unity dll's ...
Register platform support module: C:/Program Files/Unity/Hub/Editor/6000.0.41f1/Editor/Data/PlaybackEngines/WebGLSupport/UnityEditor.WebGL.Extensions.dll
Register platform support module: C:/Program Files/Unity/Hub/Editor/6000.0.41f1/Editor/Data/PlaybackEngines/WindowsStandaloneSupport/UnityEditor.WindowsStandalone.Extensions.dll
Register platform support module: C:/Program Files/Unity/Hub/Editor/6000.0.41f1/Editor/Data/PlaybackEngines/AndroidPlayer/UnityEditor.Android.Extensions.dll
Register platform support module: C:/Program Files/Unity/Hub/Editor/6000.0.41f1/Editor/Data/PlaybackEngines/iOSSupport/UnityEditor.iOS.Extensions.dll
Registered in 0.005033 seconds.
- Loaded All Assemblies, in  0.563 seconds
[usbmuxd] Start listen thread
[usbmuxd] Listen thread started
Native extension for iOS target not found
Native extension for Android target not found
Android Extension - Scanning For ADB Devices 272 ms
Native extension for WindowsStandalone target not found
Native extension for WebGL target not found
Mono: successfully reloaded assembly
- Finished resetting the current domain, in  0.666 seconds
Domain Reload Profiling: 1228ms
	BeginReloadAssembly (212ms)
		ExecutionOrderSort (0ms)
		DisableScriptedObjects (0ms)
		BackupInstance (0ms)
		ReleaseScriptingObjects (0ms)
		CreateAndSetChildDomain (1ms)
	RebuildCommonClasses (46ms)
	RebuildNativeTypeToScriptingClass (13ms)
	initialDomainReloadingComplete (55ms)
	LoadAllAssembliesAndSetupDomain (235ms)
		LoadAssemblies (214ms)
		RebuildTransferFunctionScriptingTraits (0ms)
		AnalyzeDomain (228ms)
			TypeCache.Refresh (227ms)
				TypeCache.ScanAssembly (207ms)
			BuildScriptInfoCaches (0ms)
			ResolveRequiredComponents (1ms)
	FinalizeReload (667ms)
		ReleaseScriptCaches (0ms)
		RebuildScriptCaches (0ms)
		SetupLoadedEditorAssemblies (614ms)
			LogAssemblyErrors (0ms)
			InitializePlatformSupportModulesInManaged (373ms)
			SetLoadedEditorAssemblies (3ms)
			BeforeProcessingInitializeOnLoad (56ms)
			ProcessInitializeOnLoadAttributes (120ms)
			ProcessInitializeOnLoadMethodAttributes (62ms)
			AfterProcessingInitializeOnLoad (0ms)
			EditorAssembliesLoaded (0ms)
		ExecutionOrderSort2 (0ms)
		AwakeInstancesAfterBackupRestoration (0ms)
========================================================================
Worker process is ready to serve import requests
Import Worker Mode flag is 0x00
Begin MonoManager ReloadAssembly
- Loaded All Assemblies, in  0.913 seconds
Refreshing native plugins compatible for Editor in 0.78 ms, found 3 plugins.
Native extension for iOS target not found
Native extension for Android target not found
Native extension for WindowsStandalone target not found
Native extension for WebGL target not found
Mono: successfully reloaded assembly
- Finished resetting the current domain, in  0.742 seconds
Domain Reload Profiling: 1653ms
	BeginReloadAssembly (182ms)
		ExecutionOrderSort (0ms)
		DisableScriptedObjects (6ms)
		BackupInstance (0ms)
		ReleaseScriptingObjects (0ms)
		CreateAndSetChildDomain (35ms)
	RebuildCommonClasses (49ms)
	RebuildNativeTypeToScriptingClass (12ms)
	initialDomainReloadingComplete (36ms)
	LoadAllAssembliesAndSetupDomain (632ms)
		LoadAssemblies (411ms)
		RebuildTransferFunctionScriptingTraits (0ms)
		AnalyzeDomain (323ms)
			TypeCache.Refresh (253ms)
				TypeCache.ScanAssembly (228ms)
			BuildScriptInfoCaches (57ms)
			ResolveRequiredComponents (10ms)
	FinalizeReload (743ms)
		ReleaseScriptCaches (0ms)
		RebuildScriptCaches (0ms)
		SetupLoadedEditorAssemblies (548ms)
			LogAssemblyErrors (0ms)
			InitializePlatformSupportModulesInManaged (15ms)
			SetLoadedEditorAssemblies (5ms)
			BeforeProcessingInitializeOnLoad (94ms)
			ProcessInitializeOnLoadAttributes (329ms)
			ProcessInitializeOnLoadMethodAttributes (101ms)
			AfterProcessingInitializeOnLoad (4ms)
			EditorAssembliesLoaded (0ms)
		ExecutionOrderSort2 (0ms)
		AwakeInstancesAfterBackupRestoration (6ms)
Launched and connected shader compiler UnityShaderCompiler.exe after 0.01 seconds
Refreshing native plugins compatible for Editor in 0.70 ms, found 3 plugins.
Preloading 0 native plugins for Editor in 0.00 ms.
Unloading 198 Unused Serialized files (Serialized files now loaded: 0)
Unloading 5975 unused Assets / (6.4 MB). Loaded Objects now: 6619.
Memory consumption went from 158.2 MB to 151.8 MB.
Total: 9.731000 ms (FindLiveObjects: 0.786800 ms CreateObjectMapping: 1.085500 ms MarkObjects: 4.318700 ms  DeleteObjects: 3.538700 ms)

========================================================================
Received Import Request.
  Time since last request: 784.738661 seconds.
  path: Assets/InputSystem_Actions.inputactions
  artifactKey: Guid(052faaac586de48259a63d0c4782560b) Importer(815301076,1909f56bfc062723c751e8b465ee728b)
Start importing Assets/InputSystem_Actions.inputactions using Guid(052faaac586de48259a63d0c4782560b) Importer(815301076,1909f56bfc062723c751e8b465ee728b) (PreviewImporter) -> (artifact id: '02e5b530d5b44d961131ffba578cd945') in 0.0275403 seconds
Number of updated asset objects reloaded before import = 0Number of asset objects unloaded after import = 20

========================================================================
Received Prepare
Refreshing native plugins compatible for Editor in 0.65 ms, found 3 plugins.
Preloading 0 native plugins for Editor in 0.00 ms.
Unloading 35 Unused Serialized files (Serialized files now loaded: 0)
Unloading 5965 unused Assets / (6.2 MB). Loaded Objects now: 6623.
Memory consumption went from 133.3 MB to 127.1 MB.
Total: 8.083900 ms (FindLiveObjects: 0.616300 ms CreateObjectMapping: 0.572100 ms MarkObjects: 4.102100 ms  DeleteObjects: 2.792800 ms)

Prepare: number of updated asset objects reloaded= 0
========================================================================
Received Prepare
Begin MonoManager ReloadAssembly
- Loaded All Assemblies, in  0.684 seconds
Refreshing native plugins compatible for Editor in 0.60 ms, found 3 plugins.
Native extension for iOS target not found
Native extension for Android target not found
Native extension for WindowsStandalone target not found
Native extension for WebGL target not found
Mono: successfully reloaded assembly
- Finished resetting the current domain, in  0.765 seconds
Domain Reload Profiling: 1453ms
	BeginReloadAssembly (213ms)
		ExecutionOrderSort (0ms)
		DisableScriptedObjects (7ms)
		BackupInstance (0ms)
		ReleaseScriptingObjects (0ms)
		CreateAndSetChildDomain (60ms)
	RebuildCommonClasses (35ms)
	RebuildNativeTypeToScriptingClass (15ms)
	initialDomainReloadingComplete (30ms)
	LoadAllAssembliesAndSetupDomain (395ms)
		LoadAssemblies (303ms)
		RebuildTransferFunctionScriptingTraits (0ms)
		AnalyzeDomain (180ms)
			TypeCache.Refresh (10ms)
				TypeCache.ScanAssembly (0ms)
			BuildScriptInfoCaches (151ms)
			ResolveRequiredComponents (15ms)
	FinalizeReload (766ms)
		ReleaseScriptCaches (0ms)
		RebuildScriptCaches (0ms)
		SetupLoadedEditorAssemblies (543ms)
			LogAssemblyErrors (0ms)
			InitializePlatformSupportModulesInManaged (21ms)
			SetLoadedEditorAssemblies (8ms)
			BeforeProcessingInitializeOnLoad (109ms)
			ProcessInitializeOnLoadAttributes (344ms)
			ProcessInitializeOnLoadMethodAttributes (57ms)
			AfterProcessingInitializeOnLoad (4ms)
			EditorAssembliesLoaded (0ms)
		ExecutionOrderSort2 (0ms)
		AwakeInstancesAfterBackupRestoration (13ms)
Refreshing native plugins compatible for Editor in 0.79 ms, found 3 plugins.
Preloading 0 native plugins for Editor in 0.00 ms.
Unloading 45 Unused Serialized files (Serialized files now loaded: 0)
Unloading 5971 unused Assets / (6.2 MB). Loaded Objects now: 6639.
Memory consumption went from 147.5 MB to 141.2 MB.
Total: 9.461000 ms (FindLiveObjects: 0.648800 ms CreateObjectMapping: 0.637900 ms MarkObjects: 4.651800 ms  DeleteObjects: 3.521200 ms)

Prepare: number of updated asset objects reloaded= 0
========================================================================
Received Prepare
Refreshing native plugins compatible for Editor in 0.82 ms, found 3 plugins.
Preloading 0 native plugins for Editor in 0.00 ms.
Unloading 34 Unused Serialized files (Serialized files now loaded: 0)
Unloading 5964 unused Assets / (7.1 MB). Loaded Objects now: 6639.
Memory consumption went from 145.7 MB to 138.7 MB.
Total: 13.447900 ms (FindLiveObjects: 0.693500 ms CreateObjectMapping: 0.670900 ms MarkObjects: 6.172600 ms  DeleteObjects: 5.909800 ms)

Prepare: number of updated asset objects reloaded= 0
========================================================================
Received Import Request.
  Time since last request: 140.255347 seconds.
  path: Assets/NewMonoBehaviourScript.cs
  artifactKey: Guid(e4b5c6bb610a21f4a87e0c15fe72add9) Importer(815301076,1909f56bfc062723c751e8b465ee728b)
Start importing Assets/NewMonoBehaviourScript.cs using Guid(e4b5c6bb610a21f4a87e0c15fe72add9) Importer(815301076,1909f56bfc062723c751e8b465ee728b) (PreviewImporter) -> (artifact id: 'a916df36a6ba1e49022de5371b3f0e14') in 0.0107284 seconds
Number of updated asset objects reloaded before import = 0Number of asset objects unloaded after import = 0

========================================================================
Received Prepare
Begin MonoManager ReloadAssembly
- Loaded All Assemblies, in  0.714 seconds
Refreshing native plugins compatible for Editor in 0.62 ms, found 3 plugins.
Native extension for iOS target not found
Native extension for Android target not found
Native extension for WindowsStandalone target not found
Native extension for WebGL target not found
Mono: successfully reloaded assembly
- Finished resetting the current domain, in  0.694 seconds
Domain Reload Profiling: 1410ms
	BeginReloadAssembly (212ms)
		ExecutionOrderSort (0ms)
		DisableScriptedObjects (5ms)
		BackupInstance (0ms)
		ReleaseScriptingObjects (0ms)
		CreateAndSetChildDomain (60ms)
	RebuildCommonClasses (37ms)
	RebuildNativeTypeToScriptingClass (11ms)
	initialDomainReloadingComplete (24ms)
	LoadAllAssembliesAndSetupDomain (431ms)
		LoadAssemblies (350ms)
		RebuildTransferFunctionScriptingTraits (0ms)
		AnalyzeDomain (186ms)
			TypeCache.Refresh (12ms)
				TypeCache.ScanAssembly (0ms)
			BuildScriptInfoCaches (162ms)
			ResolveRequiredComponents (9ms)
	FinalizeReload (695ms)
		ReleaseScriptCaches (0ms)
		RebuildScriptCaches (0ms)
		SetupLoadedEditorAssemblies (499ms)
			LogAssemblyErrors (0ms)
			InitializePlatformSupportModulesInManaged (17ms)
			SetLoadedEditorAssemblies (7ms)
			BeforeProcessingInitializeOnLoad (110ms)
			ProcessInitializeOnLoadAttributes (306ms)
			ProcessInitializeOnLoadMethodAttributes (55ms)
			AfterProcessingInitializeOnLoad (3ms)
			EditorAssembliesLoaded (0ms)
		ExecutionOrderSort2 (0ms)
		AwakeInstancesAfterBackupRestoration (11ms)
Refreshing native plugins compatible for Editor in 0.81 ms, found 3 plugins.
Preloading 0 native plugins for Editor in 0.00 ms.
Unloading 34 Unused Serialized files (Serialized files now loaded: 0)
Unloading 5971 unused Assets / (6.2 MB). Loaded Objects now: 6641.
Memory consumption went from 145.5 MB to 139.4 MB.
Total: 8.325200 ms (FindLiveObjects: 0.663000 ms CreateObjectMapping: 0.702900 ms MarkObjects: 4.055700 ms  DeleteObjects: 2.902400 ms)

Prepare: number of updated asset objects reloaded= 0
========================================================================
Received Prepare
Refreshing native plugins compatible for Editor in 0.79 ms, found 3 plugins.
Preloading 0 native plugins for Editor in 0.00 ms.
Unloading 34 Unused Serialized files (Serialized files now loaded: 0)
Unloading 5964 unused Assets / (6.2 MB). Loaded Objects now: 6641.
Memory consumption went from 145.7 MB to 139.5 MB.
Total: 8.303500 ms (FindLiveObjects: 0.641800 ms CreateObjectMapping: 0.601500 ms MarkObjects: 4.100500 ms  DeleteObjects: 2.958900 ms)

Prepare: number of updated asset objects reloaded= 0
========================================================================
Received Prepare
Begin MonoManager ReloadAssembly
- Loaded All Assemblies, in  0.628 seconds
Refreshing native plugins compatible for Editor in 0.52 ms, found 3 plugins.
Native extension for iOS target not found
Native extension for Android target not found
Native extension for WindowsStandalone target not found
Native extension for WebGL target not found
Mono: successfully reloaded assembly
- Finished resetting the current domain, in  0.713 seconds
Domain Reload Profiling: 1343ms
	BeginReloadAssembly (194ms)
		ExecutionOrderSort (0ms)
		DisableScriptedObjects (6ms)
		BackupInstance (0ms)
		ReleaseScriptingObjects (0ms)
		CreateAndSetChildDomain (51ms)
	RebuildCommonClasses (34ms)
	RebuildNativeTypeToScriptingClass (11ms)
	initialDomainReloadingComplete (22ms)
	LoadAllAssembliesAndSetupDomain (368ms)
		LoadAssemblies (309ms)
		RebuildTransferFunctionScriptingTraits (0ms)
		AnalyzeDomain (158ms)
			TypeCache.Refresh (11ms)
				TypeCache.ScanAssembly (0ms)
			BuildScriptInfoCaches (137ms)
			ResolveRequiredComponents (8ms)
	FinalizeReload (714ms)
		ReleaseScriptCaches (0ms)
		RebuildScriptCaches (0ms)
		SetupLoadedEditorAssemblies (519ms)
			LogAssemblyErrors (0ms)
			InitializePlatformSupportModulesInManaged (19ms)
			SetLoadedEditorAssemblies (6ms)
			BeforeProcessingInitializeOnLoad (99ms)
			ProcessInitializeOnLoadAttributes (334ms)
			ProcessInitializeOnLoadMethodAttributes (54ms)
			AfterProcessingInitializeOnLoad (6ms)
			EditorAssembliesLoaded (0ms)
		ExecutionOrderSort2 (0ms)
		AwakeInstancesAfterBackupRestoration (16ms)
Refreshing native plugins compatible for Editor in 0.65 ms, found 3 plugins.
Preloading 0 native plugins for Editor in 0.00 ms.
Unloading 34 Unused Serialized files (Serialized files now loaded: 0)
Unloading 5971 unused Assets / (6.4 MB). Loaded Objects now: 6643.
Memory consumption went from 145.5 MB to 139.1 MB.
Total: 8.647700 ms (FindLiveObjects: 0.617600 ms CreateObjectMapping: 0.658700 ms MarkObjects: 3.932000 ms  DeleteObjects: 3.438600 ms)

Prepare: number of updated asset objects reloaded= 0
========================================================================
Received Prepare
Refreshing native plugins compatible for Editor in 0.71 ms, found 3 plugins.
Preloading 0 native plugins for Editor in 0.00 ms.
Unloading 34 Unused Serialized files (Serialized files now loaded: 0)
Unloading 5964 unused Assets / (6.3 MB). Loaded Objects now: 6643.
Memory consumption went from 145.7 MB to 139.4 MB.
Total: 8.926700 ms (FindLiveObjects: 0.762200 ms CreateObjectMapping: 0.808900 ms MarkObjects: 3.911100 ms  DeleteObjects: 3.443700 ms)

Prepare: number of updated asset objects reloaded= 0
========================================================================
Received Prepare
Begin MonoManager ReloadAssembly
- Loaded All Assemblies, in  0.640 seconds
Refreshing native plugins compatible for Editor in 0.55 ms, found 3 plugins.
Native extension for iOS target not found
Native extension for Android target not found
Native extension for WindowsStandalone target not found
Native extension for WebGL target not found
Mono: successfully reloaded assembly
- Finished resetting the current domain, in  0.678 seconds
Domain Reload Profiling: 1321ms
	BeginReloadAssembly (192ms)
		ExecutionOrderSort (0ms)
		DisableScriptedObjects (8ms)
		BackupInstance (0ms)
		ReleaseScriptingObjects (0ms)
		CreateAndSetChildDomain (48ms)
	RebuildCommonClasses (37ms)
	RebuildNativeTypeToScriptingClass (11ms)
	initialDomainReloadingComplete (24ms)
	LoadAllAssembliesAndSetupDomain (380ms)
		LoadAssemblies (311ms)
		RebuildTransferFunctionScriptingTraits (0ms)
		AnalyzeDomain (158ms)
			TypeCache.Refresh (8ms)
				TypeCache.ScanAssembly (0ms)
			BuildScriptInfoCaches (137ms)
			ResolveRequiredComponents (10ms)
	FinalizeReload (678ms)
		ReleaseScriptCaches (0ms)
		RebuildScriptCaches (0ms)
		SetupLoadedEditorAssemblies (495ms)
			LogAssemblyErrors (0ms)
			InitializePlatformSupportModulesInManaged (16ms)
			SetLoadedEditorAssemblies (5ms)
			BeforeProcessingInitializeOnLoad (109ms)
			ProcessInitializeOnLoadAttributes (312ms)
			ProcessInitializeOnLoadMethodAttributes (49ms)
			AfterProcessingInitializeOnLoad (3ms)
			EditorAssembliesLoaded (0ms)
		ExecutionOrderSort2 (0ms)
		AwakeInstancesAfterBackupRestoration (11ms)
Refreshing native plugins compatible for Editor in 0.65 ms, found 3 plugins.
Preloading 0 native plugins for Editor in 0.00 ms.
Unloading 34 Unused Serialized files (Serialized files now loaded: 0)
Unloading 5971 unused Assets / (6.3 MB). Loaded Objects now: 6645.
Memory consumption went from 145.5 MB to 139.2 MB.
Total: 8.444900 ms (FindLiveObjects: 0.736400 ms CreateObjectMapping: 0.788400 ms MarkObjects: 3.988400 ms  DeleteObjects: 2.930900 ms)

Prepare: number of updated asset objects reloaded= 0
========================================================================
Received Prepare
Refreshing native plugins compatible for Editor in 0.72 ms, found 3 plugins.
Preloading 0 native plugins for Editor in 0.00 ms.
Unloading 34 Unused Serialized files (Serialized files now loaded: 0)
Unloading 5965 unused Assets / (6.2 MB). Loaded Objects now: 6646.
Memory consumption went from 145.7 MB to 139.5 MB.
Total: 10.470300 ms (FindLiveObjects: 0.678900 ms CreateObjectMapping: 0.814400 ms MarkObjects: 5.935900 ms  DeleteObjects: 3.039800 ms)

Prepare: number of updated asset objects reloaded= 0
========================================================================
Received Prepare
Begin MonoManager ReloadAssembly
- Loaded All Assemblies, in  0.659 seconds
Refreshing native plugins compatible for Editor in 0.72 ms, found 3 plugins.
Native extension for iOS target not found
Native extension for Android target not found
Native extension for WindowsStandalone target not found
Native extension for WebGL target not found
Mono: successfully reloaded assembly
- Finished resetting the current domain, in  0.733 seconds
Domain Reload Profiling: 1396ms
	BeginReloadAssembly (209ms)
		ExecutionOrderSort (0ms)
		DisableScriptedObjects (8ms)
		BackupInstance (0ms)
		ReleaseScriptingObjects (0ms)
		CreateAndSetChildDomain (64ms)
	RebuildCommonClasses (36ms)
	RebuildNativeTypeToScriptingClass (11ms)
	initialDomainReloadingComplete (23ms)
	LoadAllAssembliesAndSetupDomain (383ms)
		LoadAssemblies (306ms)
		RebuildTransferFunctionScriptingTraits (0ms)
		AnalyzeDomain (167ms)
			TypeCache.Refresh (10ms)
				TypeCache.ScanAssembly (0ms)
			BuildScriptInfoCaches (145ms)
			ResolveRequiredComponents (9ms)
	FinalizeReload (734ms)
		ReleaseScriptCaches (0ms)
		RebuildScriptCaches (0ms)
		SetupLoadedEditorAssemblies (541ms)
			LogAssemblyErrors (0ms)
			InitializePlatformSupportModulesInManaged (15ms)
			SetLoadedEditorAssemblies (7ms)
			BeforeProcessingInitializeOnLoad (114ms)
			ProcessInitializeOnLoadAttributes (337ms)
			ProcessInitializeOnLoadMethodAttributes (63ms)
			AfterProcessingInitializeOnLoad (4ms)
			EditorAssembliesLoaded (0ms)
		ExecutionOrderSort2 (0ms)
		AwakeInstancesAfterBackupRestoration (15ms)
Refreshing native plugins compatible for Editor in 0.73 ms, found 3 plugins.
Preloading 0 native plugins for Editor in 0.00 ms.
Unloading 34 Unused Serialized files (Serialized files now loaded: 0)
Unloading 5972 unused Assets / (6.5 MB). Loaded Objects now: 6648.
Memory consumption went from 145.5 MB to 139.1 MB.
Total: 9.079900 ms (FindLiveObjects: 0.629300 ms CreateObjectMapping: 0.681900 ms MarkObjects: 4.229800 ms  DeleteObjects: 3.537800 ms)

Prepare: number of updated asset objects reloaded= 0
========================================================================
Received Import Request.
  Time since last request: 65.191555 seconds.
  path: Assets/NewMonoBehaviourScript.cs
  artifactKey: Guid(35231785bf7e8a04b922433de4bb3f01) Importer(815301076,1909f56bfc062723c751e8b465ee728b)
Start importing Assets/NewMonoBehaviourScript.cs using Guid(35231785bf7e8a04b922433de4bb3f01) Importer(815301076,1909f56bfc062723c751e8b465ee728b) (PreviewImporter) -> (artifact id: 'a12289ece72e862dfb514b274f390de6') in 0.0211329 seconds
Number of updated asset objects reloaded before import = 0Number of asset objects unloaded after import = 0

========================================================================
Received Prepare
Refreshing native plugins compatible for Editor in 0.74 ms, found 3 plugins.
Preloading 0 native plugins for Editor in 0.00 ms.
Unloading 34 Unused Serialized files (Serialized files now loaded: 0)
Unloading 5965 unused Assets / (7.0 MB). Loaded Objects now: 6648.
Memory consumption went from 145.7 MB to 138.7 MB.
Total: 10.885300 ms (FindLiveObjects: 0.750300 ms CreateObjectMapping: 0.682400 ms MarkObjects: 4.178000 ms  DeleteObjects: 5.273400 ms)

Prepare: number of updated asset objects reloaded= 0
========================================================================
Received Import Request.
  Time since last request: 19.908401 seconds.
  path: Assets/NewMonoBehaviourScript.cs
  artifactKey: Guid(35231785bf7e8a04b922433de4bb3f01) Importer(815301076,1909f56bfc062723c751e8b465ee728b)
Start importing Assets/NewMonoBehaviourScript.cs using Guid(35231785bf7e8a04b922433de4bb3f01) Importer(815301076,1909f56bfc062723c751e8b465ee728b) (PreviewImporter) -> (artifact id: '8874e1d876030b19ffc8660663a0a24a') in 0.0028184 seconds
Number of updated asset objects reloaded before import = 0Number of asset objects unloaded after import = 0

========================================================================
Received Prepare
Refreshing native plugins compatible for Editor in 0.76 ms, found 3 plugins.
Preloading 0 native plugins for Editor in 0.00 ms.
Unloading 34 Unused Serialized files (Serialized files now loaded: 0)
Unloading 5965 unused Assets / (6.3 MB). Loaded Objects now: 6648.
Memory consumption went from 145.7 MB to 139.4 MB.
Total: 9.548800 ms (FindLiveObjects: 0.702200 ms CreateObjectMapping: 0.744500 ms MarkObjects: 4.566500 ms  DeleteObjects: 3.534300 ms)

Prepare: number of updated asset objects reloaded= 0
========================================================================
Received Prepare
Refreshing native plugins compatible for Editor in 0.80 ms, found 3 plugins.
Preloading 0 native plugins for Editor in 0.00 ms.
Unloading 34 Unused Serialized files (Serialized files now loaded: 0)
Unloading 5966 unused Assets / (6.3 MB). Loaded Objects now: 6649.
Memory consumption went from 145.7 MB to 139.4 MB.
Total: 10.361500 ms (FindLiveObjects: 0.670400 ms CreateObjectMapping: 0.687000 ms MarkObjects: 5.592100 ms  DeleteObjects: 3.410700 ms)

Prepare: number of updated asset objects reloaded= 0
========================================================================
Received Prepare
Refreshing native plugins compatible for Editor in 0.67 ms, found 3 plugins.
Preloading 0 native plugins for Editor in 0.00 ms.
Unloading 34 Unused Serialized files (Serialized files now loaded: 0)
Unloading 5966 unused Assets / (6.3 MB). Loaded Objects now: 6649.
Memory consumption went from 145.7 MB to 139.4 MB.
Total: 11.423000 ms (FindLiveObjects: 0.671300 ms CreateObjectMapping: 0.767000 ms MarkObjects: 6.413200 ms  DeleteObjects: 3.570100 ms)

Prepare: number of updated asset objects reloaded= 0
========================================================================
Received Prepare
Refreshing native plugins compatible for Editor in 0.93 ms, found 3 plugins.
Preloading 0 native plugins for Editor in 0.00 ms.
Unloading 34 Unused Serialized files (Serialized files now loaded: 0)
Unloading 5966 unused Assets / (6.1 MB). Loaded Objects now: 6649.
Memory consumption went from 145.7 MB to 139.6 MB.
Total: 8.211000 ms (FindLiveObjects: 0.626100 ms CreateObjectMapping: 0.789700 ms MarkObjects: 3.805900 ms  DeleteObjects: 2.987000 ms)

Prepare: number of updated asset objects reloaded= 0
========================================================================
Received Prepare
Refreshing native plugins compatible for Editor in 0.68 ms, found 3 plugins.
Preloading 0 native plugins for Editor in 0.00 ms.
Unloading 34 Unused Serialized files (Serialized files now loaded: 0)
Unloading 5966 unused Assets / (6.3 MB). Loaded Objects now: 6649.
Memory consumption went from 145.7 MB to 139.4 MB.
Total: 8.452300 ms (FindLiveObjects: 0.616000 ms CreateObjectMapping: 0.703400 ms MarkObjects: 3.970400 ms  DeleteObjects: 3.161700 ms)

Prepare: number of updated asset objects reloaded= 0
========================================================================
Received Prepare
Refreshing native plugins compatible for Editor in 0.72 ms, found 3 plugins.
Preloading 0 native plugins for Editor in 0.00 ms.
Unloading 34 Unused Serialized files (Serialized files now loaded: 0)
Unloading 5966 unused Assets / (6.3 MB). Loaded Objects now: 6649.
Memory consumption went from 145.7 MB to 139.4 MB.
Total: 8.976300 ms (FindLiveObjects: 0.682000 ms CreateObjectMapping: 0.644800 ms MarkObjects: 4.068600 ms  DeleteObjects: 3.579600 ms)

Prepare: number of updated asset objects reloaded= 0
========================================================================
Received Prepare
Refreshing native plugins compatible for Editor in 0.83 ms, found 3 plugins.
Preloading 0 native plugins for Editor in 0.00 ms.
Unloading 34 Unused Serialized files (Serialized files now loaded: 0)
Unloading 5966 unused Assets / (6.3 MB). Loaded Objects now: 6649.
Memory consumption went from 145.7 MB to 139.5 MB.
Total: 9.261400 ms (FindLiveObjects: 0.867500 ms CreateObjectMapping: 0.690900 ms MarkObjects: 4.172800 ms  DeleteObjects: 3.528800 ms)

Prepare: number of updated asset objects reloaded= 0
========================================================================
Received Prepare
Refreshing native plugins compatible for Editor in 1.02 ms, found 3 plugins.
Preloading 0 native plugins for Editor in 0.00 ms.
Unloading 34 Unused Serialized files (Serialized files now loaded: 0)
Unloading 5966 unused Assets / (6.3 MB). Loaded Objects now: 6649.
Memory consumption went from 145.7 MB to 139.4 MB.
Total: 8.448600 ms (FindLiveObjects: 0.743300 ms CreateObjectMapping: 0.659600 ms MarkObjects: 3.870000 ms  DeleteObjects: 3.174500 ms)

Prepare: number of updated asset objects reloaded= 0
========================================================================
Received Prepare
Refreshing native plugins compatible for Editor in 0.67 ms, found 3 plugins.
Preloading 0 native plugins for Editor in 0.00 ms.
Unloading 34 Unused Serialized files (Serialized files now loaded: 0)
Unloading 5967 unused Assets / (6.3 MB). Loaded Objects now: 6650.
Memory consumption went from 145.7 MB to 139.5 MB.
Total: 9.362200 ms (FindLiveObjects: 0.615600 ms CreateObjectMapping: 0.623500 ms MarkObjects: 4.780200 ms  DeleteObjects: 3.341500 ms)

Prepare: number of updated asset objects reloaded= 0
========================================================================
Received Prepare
Refreshing native plugins compatible for Editor in 0.71 ms, found 3 plugins.
Preloading 0 native plugins for Editor in 0.00 ms.
Unloading 34 Unused Serialized files (Serialized files now loaded: 0)
Unloading 5967 unused Assets / (6.3 MB). Loaded Objects now: 6650.
Memory consumption went from 145.7 MB to 139.4 MB.
Total: 10.664000 ms (FindLiveObjects: 0.705000 ms CreateObjectMapping: 0.861500 ms MarkObjects: 5.859500 ms  DeleteObjects: 3.237000 ms)

Prepare: number of updated asset objects reloaded= 0
========================================================================
Received Import Request.
  Time since last request: 298.476069 seconds.
  path: Assets/NewMonoBehaviourScript.cs
  artifactKey: Guid(a56f7ea2d3c2f5f4eb6d6d9c9c76aabd) Importer(815301076,1909f56bfc062723c751e8b465ee728b)
Start importing Assets/NewMonoBehaviourScript.cs using Guid(a56f7ea2d3c2f5f4eb6d6d9c9c76aabd) Importer(815301076,1909f56bfc062723c751e8b465ee728b) (PreviewImporter) -> (artifact id: '98a36331b7b1cf4983d0a16c21990890') in 0.0330911 seconds
Number of updated asset objects reloaded before import = 0Number of asset objects unloaded after import = 0

========================================================================
Received Prepare
Refreshing native plugins compatible for Editor in 0.73 ms, found 3 plugins.
Preloading 0 native plugins for Editor in 0.00 ms.
Unloading 34 Unused Serialized files (Serialized files now loaded: 0)
Unloading 5967 unused Assets / (6.2 MB). Loaded Objects now: 6650.
Memory consumption went from 145.7 MB to 139.5 MB.
Total: 9.760800 ms (FindLiveObjects: 0.771300 ms CreateObjectMapping: 0.729600 ms MarkObjects: 4.645300 ms  DeleteObjects: 3.613500 ms)

Prepare: number of updated asset objects reloaded= 0
========================================================================
Received Import Request.
  Time since last request: 18.882829 seconds.
  path: Assets/EnemyAI.cs
  artifactKey: Guid(a56f7ea2d3c2f5f4eb6d6d9c9c76aabd) Importer(815301076,1909f56bfc062723c751e8b465ee728b)
Start importing Assets/EnemyAI.cs using Guid(a56f7ea2d3c2f5f4eb6d6d9c9c76aabd) Importer(815301076,1909f56bfc062723c751e8b465ee728b) (PreviewImporter) -> (artifact id: '6efbb99bdfeeced86dceef4c91eaa9f9') in 0.0028432 seconds
Number of updated asset objects reloaded before import = 0Number of asset objects unloaded after import = 0

========================================================================
Received Prepare
Refreshing native plugins compatible for Editor in 0.77 ms, found 3 plugins.
Preloading 0 native plugins for Editor in 0.00 ms.
Unloading 34 Unused Serialized files (Serialized files now loaded: 0)
Unloading 5967 unused Assets / (6.3 MB). Loaded Objects now: 6650.
Memory consumption went from 145.7 MB to 139.5 MB.
Total: 10.354700 ms (FindLiveObjects: 0.665800 ms CreateObjectMapping: 0.694300 ms MarkObjects: 5.377600 ms  DeleteObjects: 3.615700 ms)

Prepare: number of updated asset objects reloaded= 0
========================================================================
Received Prepare
Refreshing native plugins compatible for Editor in 0.72 ms, found 3 plugins.
Preloading 0 native plugins for Editor in 0.00 ms.
Unloading 34 Unused Serialized files (Serialized files now loaded: 0)
Unloading 5968 unused Assets / (6.6 MB). Loaded Objects now: 6651.
Memory consumption went from 145.7 MB to 139.2 MB.
Total: 11.694900 ms (FindLiveObjects: 1.200400 ms CreateObjectMapping: 1.283200 ms MarkObjects: 4.938200 ms  DeleteObjects: 4.270400 ms)

Prepare: number of updated asset objects reloaded= 0
========================================================================
Received Import Request.
  Time since last request: 153.967430 seconds.
  path: Assets/NewMonoBehaviourScript.cs
  artifactKey: Guid(7c7c19b97e75a7b44ac6a87eab3405a8) Importer(815301076,1909f56bfc062723c751e8b465ee728b)
Start importing Assets/NewMonoBehaviourScript.cs using Guid(7c7c19b97e75a7b44ac6a87eab3405a8) Importer(815301076,1909f56bfc062723c751e8b465ee728b) (PreviewImporter) -> (artifact id: 'e25117cd83bde47c862b66c596bbecbe') in 0.0049832 seconds
Number of updated asset objects reloaded before import = 0Number of asset objects unloaded after import = 0

========================================================================
Received Prepare
Refreshing native plugins compatible for Editor in 0.75 ms, found 3 plugins.
Preloading 0 native plugins for Editor in 0.00 ms.
Unloading 34 Unused Serialized files (Serialized files now loaded: 0)
Unloading 5968 unused Assets / (6.1 MB). Loaded Objects now: 6651.
Memory consumption went from 145.7 MB to 139.7 MB.
Total: 10.708800 ms (FindLiveObjects: 0.686700 ms CreateObjectMapping: 0.686900 ms MarkObjects: 5.185200 ms  DeleteObjects: 4.148800 ms)

Prepare: number of updated asset objects reloaded= 0
========================================================================
Received Import Request.
  Time since last request: 5.167292 seconds.
  path: Assets/NewMonoBehaviourScript.cs
  artifactKey: Guid(7c7c19b97e75a7b44ac6a87eab3405a8) Importer(815301076,1909f56bfc062723c751e8b465ee728b)
Start importing Assets/NewMonoBehaviourScript.cs using Guid(7c7c19b97e75a7b44ac6a87eab3405a8) Importer(815301076,1909f56bfc062723c751e8b465ee728b) (PreviewImporter) -> (artifact id: '5558fa6f08773010a0205ce0d5706f13') in 0.002627 seconds
Number of updated asset objects reloaded before import = 0Number of asset objects unloaded after import = 0

========================================================================
Received Prepare
Refreshing native plugins compatible for Editor in 0.65 ms, found 3 plugins.
Preloading 0 native plugins for Editor in 0.00 ms.
Unloading 34 Unused Serialized files (Serialized files now loaded: 0)
Unloading 5968 unused Assets / (6.3 MB). Loaded Objects now: 6651.
Memory consumption went from 145.7 MB to 139.5 MB.
Total: 9.705300 ms (FindLiveObjects: 0.760800 ms CreateObjectMapping: 0.764100 ms MarkObjects: 4.248300 ms  DeleteObjects: 3.930900 ms)

Prepare: number of updated asset objects reloaded= 0
========================================================================
Received Prepare
Refreshing native plugins compatible for Editor in 0.92 ms, found 3 plugins.
Preloading 0 native plugins for Editor in 0.00 ms.
Unloading 34 Unused Serialized files (Serialized files now loaded: 0)
Unloading 5968 unused Assets / (6.3 MB). Loaded Objects now: 6651.
Memory consumption went from 145.7 MB to 139.5 MB.
Total: 9.840900 ms (FindLiveObjects: 0.810500 ms CreateObjectMapping: 1.298500 ms MarkObjects: 4.514000 ms  DeleteObjects: 3.216800 ms)

Prepare: number of updated asset objects reloaded= 0
========================================================================
Received Prepare
Refreshing native plugins compatible for Editor in 0.78 ms, found 3 plugins.
Preloading 0 native plugins for Editor in 0.00 ms.
Unloading 34 Unused Serialized files (Serialized files now loaded: 0)
Unloading 5969 unused Assets / (6.4 MB). Loaded Objects now: 6652.
Memory consumption went from 145.7 MB to 139.3 MB.
Total: 8.805500 ms (FindLiveObjects: 0.659100 ms CreateObjectMapping: 0.642700 ms MarkObjects: 4.095700 ms  DeleteObjects: 3.407000 ms)

Prepare: number of updated asset objects reloaded= 0
========================================================================
Received Prepare
Refreshing native plugins compatible for Editor in 0.99 ms, found 3 plugins.
Preloading 0 native plugins for Editor in 0.00 ms.
Unloading 34 Unused Serialized files (Serialized files now loaded: 0)
Unloading 5969 unused Assets / (6.3 MB). Loaded Objects now: 6652.
Memory consumption went from 145.7 MB to 139.4 MB.
Total: 11.332400 ms (FindLiveObjects: 0.699700 ms CreateObjectMapping: 0.709400 ms MarkObjects: 5.772700 ms  DeleteObjects: 4.149000 ms)

Prepare: number of updated asset objects reloaded= 0
========================================================================
Received Prepare
Refreshing native plugins compatible for Editor in 0.69 ms, found 3 plugins.
Preloading 0 native plugins for Editor in 0.00 ms.
Unloading 34 Unused Serialized files (Serialized files now loaded: 0)
Unloading 5969 unused Assets / (6.4 MB). Loaded Objects now: 6652.
Memory consumption went from 145.7 MB to 139.4 MB.
Total: 9.976500 ms (FindLiveObjects: 0.716600 ms CreateObjectMapping: 0.811200 ms MarkObjects: 4.664200 ms  DeleteObjects: 3.782400 ms)

Prepare: number of updated asset objects reloaded= 0
========================================================================
Received Import Request.
  Time since last request: 139.913991 seconds.
  path: Assets/Player/PlayerHealth.cs
  artifactKey: Guid(83ccf71ee1f22774aa0f52144b0ab606) Importer(815301076,1909f56bfc062723c751e8b465ee728b)
Start importing Assets/Player/PlayerHealth.cs using Guid(83ccf71ee1f22774aa0f52144b0ab606) Importer(815301076,1909f56bfc062723c751e8b465ee728b) (PreviewImporter) -> (artifact id: '9d27c7f3e6ced5fb223fc300e03ec53f') in 0.0136698 seconds
Number of updated asset objects reloaded before import = 0Number of asset objects unloaded after import = 0

========================================================================
Received Prepare
Refreshing native plugins compatible for Editor in 0.67 ms, found 3 plugins.
Preloading 0 native plugins for Editor in 0.00 ms.
Unloading 34 Unused Serialized files (Serialized files now loaded: 0)
Unloading 5970 unused Assets / (6.1 MB). Loaded Objects now: 6653.
Memory consumption went from 145.7 MB to 139.6 MB.
Total: 10.753500 ms (FindLiveObjects: 0.645000 ms CreateObjectMapping: 0.602800 ms MarkObjects: 5.997700 ms  DeleteObjects: 3.506900 ms)

Prepare: number of updated asset objects reloaded= 0
========================================================================
Received Prepare
Refreshing native plugins compatible for Editor in 0.69 ms, found 3 plugins.
Preloading 0 native plugins for Editor in 0.00 ms.
Unloading 34 Unused Serialized files (Serialized files now loaded: 0)
Unloading 5970 unused Assets / (6.1 MB). Loaded Objects now: 6653.
Memory consumption went from 145.7 MB to 139.6 MB.
Total: 9.262500 ms (FindLiveObjects: 0.804700 ms CreateObjectMapping: 1.078000 ms MarkObjects: 4.125900 ms  DeleteObjects: 3.252500 ms)

Prepare: number of updated asset objects reloaded= 0
========================================================================
Received Import Request.
  Time since last request: 42.733787 seconds.
  path: Assets/Player/NewMonoBehaviourScript.cs
  artifactKey: Guid(d253474d1477e9d45bce9e321d4a8eb6) Importer(815301076,1909f56bfc062723c751e8b465ee728b)
Start importing Assets/Player/NewMonoBehaviourScript.cs using Guid(d253474d1477e9d45bce9e321d4a8eb6) Importer(815301076,1909f56bfc062723c751e8b465ee728b) (PreviewImporter) -> (artifact id: 'd3f664344de6a786cb2b53083e2efe17') in 0.0040839 seconds
Number of updated asset objects reloaded before import = 0Number of asset objects unloaded after import = 0

========================================================================
Received Prepare
Refreshing native plugins compatible for Editor in 0.70 ms, found 3 plugins.
Preloading 0 native plugins for Editor in 0.00 ms.
Unloading 34 Unused Serialized files (Serialized files now loaded: 0)
Unloading 5970 unused Assets / (6.3 MB). Loaded Objects now: 6653.
Memory consumption went from 145.7 MB to 139.4 MB.
Total: 8.403600 ms (FindLiveObjects: 0.665500 ms CreateObjectMapping: 0.657400 ms MarkObjects: 3.790300 ms  DeleteObjects: 3.289600 ms)

Prepare: number of updated asset objects reloaded= 0
========================================================================
Received Prepare
Refreshing native plugins compatible for Editor in 0.76 ms, found 3 plugins.
Preloading 0 native plugins for Editor in 0.00 ms.
Unloading 34 Unused Serialized files (Serialized files now loaded: 0)
Unloading 5971 unused Assets / (6.4 MB). Loaded Objects now: 6654.
Memory consumption went from 145.8 MB to 139.3 MB.
Total: 9.160700 ms (FindLiveObjects: 0.683600 ms CreateObjectMapping: 0.617900 ms MarkObjects: 4.108200 ms  DeleteObjects: 3.749900 ms)

Prepare: number of updated asset objects reloaded= 0
========================================================================
Received Import Request.
  Time since last request: 52.234851 seconds.
  path: Assets/Game/NewMonoBehaviourScript.cs
  artifactKey: Guid(eda53e14bff14984086be46205b4c848) Importer(815301076,1909f56bfc062723c751e8b465ee728b)
Start importing Assets/Game/NewMonoBehaviourScript.cs using Guid(eda53e14bff14984086be46205b4c848) Importer(815301076,1909f56bfc062723c751e8b465ee728b) (PreviewImporter) -> (artifact id: '497f28291f6cfe9f08826c3c49659bb2') in 0.003465 seconds
Number of updated asset objects reloaded before import = 0Number of asset objects unloaded after import = 0

========================================================================
Received Prepare
Refreshing native plugins compatible for Editor in 0.72 ms, found 3 plugins.
Preloading 0 native plugins for Editor in 0.00 ms.
Unloading 34 Unused Serialized files (Serialized files now loaded: 0)
Unloading 5971 unused Assets / (6.4 MB). Loaded Objects now: 6654.
Memory consumption went from 145.8 MB to 139.4 MB.
Total: 10.345400 ms (FindLiveObjects: 0.805700 ms CreateObjectMapping: 0.842100 ms MarkObjects: 4.989100 ms  DeleteObjects: 3.706900 ms)

Prepare: number of updated asset objects reloaded= 0
========================================================================
Received Import Request.
  Time since last request: 3.543476 seconds.
  path: Assets/Game/NewMonoBehaviourScript.cs
  artifactKey: Guid(eda53e14bff14984086be46205b4c848) Importer(815301076,1909f56bfc062723c751e8b465ee728b)
Start importing Assets/Game/NewMonoBehaviourScript.cs using Guid(eda53e14bff14984086be46205b4c848) Importer(815301076,1909f56bfc062723c751e8b465ee728b) (PreviewImporter) -> (artifact id: '8a17ad78566776c62a692f516492ab2b') in 0.0027486 seconds
Number of updated asset objects reloaded before import = 0Number of asset objects unloaded after import = 0

========================================================================
Received Prepare
Refreshing native plugins compatible for Editor in 0.82 ms, found 3 plugins.
Preloading 0 native plugins for Editor in 0.00 ms.
Unloading 34 Unused Serialized files (Serialized files now loaded: 0)
Unloading 5971 unused Assets / (6.4 MB). Loaded Objects now: 6654.
Memory consumption went from 145.8 MB to 139.4 MB.
Total: 9.343200 ms (FindLiveObjects: 0.626200 ms CreateObjectMapping: 0.764200 ms MarkObjects: 4.454700 ms  DeleteObjects: 3.497200 ms)

Prepare: number of updated asset objects reloaded= 0
========================================================================
Received Prepare
Refreshing native plugins compatible for Editor in 0.94 ms, found 3 plugins.
Preloading 0 native plugins for Editor in 0.00 ms.
Unloading 34 Unused Serialized files (Serialized files now loaded: 0)
Unloading 5972 unused Assets / (6.2 MB). Loaded Objects now: 6655.
Memory consumption went from 145.8 MB to 139.5 MB.
Total: 9.855800 ms (FindLiveObjects: 0.785600 ms CreateObjectMapping: 1.012200 ms MarkObjects: 4.645500 ms  DeleteObjects: 3.411300 ms)

Prepare: number of updated asset objects reloaded= 0
========================================================================
Received Import Request.
  Time since last request: 36.464664 seconds.
  path: Assets/Game/NewMonoBehaviourScript.cs
  artifactKey: Guid(503bc1975048b904186f01e8d68d4ab4) Importer(815301076,1909f56bfc062723c751e8b465ee728b)
Start importing Assets/Game/NewMonoBehaviourScript.cs using Guid(503bc1975048b904186f01e8d68d4ab4) Importer(815301076,1909f56bfc062723c751e8b465ee728b) (PreviewImporter) -> (artifact id: '521cd6271c5787dd8a0605ac494721ac') in 0.0039901 seconds
Number of updated asset objects reloaded before import = 0Number of asset objects unloaded after import = 0

========================================================================
Received Prepare
Refreshing native plugins compatible for Editor in 0.77 ms, found 3 plugins.
Preloading 0 native plugins for Editor in 0.00 ms.
Unloading 34 Unused Serialized files (Serialized files now loaded: 0)
Unloading 5972 unused Assets / (6.4 MB). Loaded Objects now: 6655.
Memory consumption went from 145.8 MB to 139.3 MB.
Total: 12.958300 ms (FindLiveObjects: 0.836300 ms CreateObjectMapping: 1.154000 ms MarkObjects: 6.442400 ms  DeleteObjects: 4.524500 ms)

Prepare: number of updated asset objects reloaded= 0
========================================================================
Received Prepare
Refreshing native plugins compatible for Editor in 0.71 ms, found 3 plugins.
Preloading 0 native plugins for Editor in 0.00 ms.
Unloading 34 Unused Serialized files (Serialized files now loaded: 0)
Unloading 5972 unused Assets / (6.4 MB). Loaded Objects now: 6655.
Memory consumption went from 145.8 MB to 139.4 MB.
Total: 9.613800 ms (FindLiveObjects: 0.782100 ms CreateObjectMapping: 0.809400 ms MarkObjects: 4.423000 ms  DeleteObjects: 3.598100 ms)

Prepare: number of updated asset objects reloaded= 0
========================================================================
Received Import Request.
  Time since last request: 15.163026 seconds.
  path: Assets/Game/GameManager.cs
  artifactKey: Guid(503bc1975048b904186f01e8d68d4ab4) Importer(815301076,1909f56bfc062723c751e8b465ee728b)
Start importing Assets/Game/GameManager.cs using Guid(503bc1975048b904186f01e8d68d4ab4) Importer(815301076,1909f56bfc062723c751e8b465ee728b) (PreviewImporter) -> (artifact id: '5c5b627181124bfeb70c2ff80698cecc') in 0.0045649 seconds
Number of updated asset objects reloaded before import = 0Number of asset objects unloaded after import = 0

========================================================================
Received Prepare
Refreshing native plugins compatible for Editor in 0.69 ms, found 3 plugins.
Preloading 0 native plugins for Editor in 0.00 ms.
Unloading 34 Unused Serialized files (Serialized files now loaded: 0)
Unloading 5973 unused Assets / (6.2 MB). Loaded Objects now: 6656.
Memory consumption went from 145.8 MB to 139.6 MB.
Total: 8.541800 ms (FindLiveObjects: 0.675500 ms CreateObjectMapping: 0.646000 ms MarkObjects: 4.121600 ms  DeleteObjects: 3.097500 ms)

Prepare: number of updated asset objects reloaded= 0
========================================================================
Received Prepare
Refreshing native plugins compatible for Editor in 1.01 ms, found 3 plugins.
Preloading 0 native plugins for Editor in 0.00 ms.
Unloading 34 Unused Serialized files (Serialized files now loaded: 0)
Unloading 5973 unused Assets / (6.3 MB). Loaded Objects now: 6656.
Memory consumption went from 145.8 MB to 139.5 MB.
Total: 10.253500 ms (FindLiveObjects: 0.629400 ms CreateObjectMapping: 0.622000 ms MarkObjects: 4.769400 ms  DeleteObjects: 4.231400 ms)

Prepare: number of updated asset objects reloaded= 0
========================================================================
Received Import Request.
  Time since last request: 103.345609 seconds.
  path: Assets/Game/NewMonoBehaviourScript.cs
  artifactKey: Guid(ae757cde9fc8b794f800693d2256b2e8) Importer(815301076,1909f56bfc062723c751e8b465ee728b)
Start importing Assets/Game/NewMonoBehaviourScript.cs using Guid(ae757cde9fc8b794f800693d2256b2e8) Importer(815301076,1909f56bfc062723c751e8b465ee728b) (PreviewImporter) -> (artifact id: '1eafe409c3fc51bb515f7fe0605a6298') in 0.0043814 seconds
Number of updated asset objects reloaded before import = 0Number of asset objects unloaded after import = 0

========================================================================
Received Prepare
Refreshing native plugins compatible for Editor in 0.88 ms, found 3 plugins.
Preloading 0 native plugins for Editor in 0.00 ms.
Unloading 34 Unused Serialized files (Serialized files now loaded: 0)
Unloading 5973 unused Assets / (6.2 MB). Loaded Objects now: 6656.
Memory consumption went from 145.8 MB to 139.6 MB.
Total: 9.711300 ms (FindLiveObjects: 0.803100 ms CreateObjectMapping: 0.819200 ms MarkObjects: 4.278200 ms  DeleteObjects: 3.809700 ms)

Prepare: number of updated asset objects reloaded= 0
========================================================================
Received Import Request.
  Time since last request: 19.682394 seconds.
  path: Assets/Game/InventoryManager.cs
  artifactKey: Guid(ae757cde9fc8b794f800693d2256b2e8) Importer(815301076,1909f56bfc062723c751e8b465ee728b)
Start importing Assets/Game/InventoryManager.cs using Guid(ae757cde9fc8b794f800693d2256b2e8) Importer(815301076,1909f56bfc062723c751e8b465ee728b) (PreviewImporter) -> (artifact id: 'ae18f7645d4ef592cc213f8f51a22c93') in 0.0027796 seconds
Number of updated asset objects reloaded before import = 0Number of asset objects unloaded after import = 0

========================================================================
Received Prepare
Refreshing native plugins compatible for Editor in 0.67 ms, found 3 plugins.
Preloading 0 native plugins for Editor in 0.00 ms.
Unloading 34 Unused Serialized files (Serialized files now loaded: 0)
Unloading 5974 unused Assets / (6.4 MB). Loaded Objects now: 6657.
Memory consumption went from 145.8 MB to 139.4 MB.
Total: 9.662600 ms (FindLiveObjects: 0.767300 ms CreateObjectMapping: 0.765000 ms MarkObjects: 4.664900 ms  DeleteObjects: 3.464300 ms)

Prepare: number of updated asset objects reloaded= 0
========================================================================
Received Prepare
Refreshing native plugins compatible for Editor in 1.06 ms, found 3 plugins.
Preloading 0 native plugins for Editor in 0.00 ms.
Unloading 34 Unused Serialized files (Serialized files now loaded: 0)
Unloading 5974 unused Assets / (6.2 MB). Loaded Objects now: 6657.
Memory consumption went from 145.8 MB to 139.5 MB.
Total: 8.969100 ms (FindLiveObjects: 0.723200 ms CreateObjectMapping: 0.658700 ms MarkObjects: 4.238500 ms  DeleteObjects: 3.347500 ms)

Prepare: number of updated asset objects reloaded= 0
========================================================================
Received Prepare
Refreshing native plugins compatible for Editor in 0.73 ms, found 3 plugins.
Preloading 0 native plugins for Editor in 0.00 ms.
Unloading 34 Unused Serialized files (Serialized files now loaded: 0)
Unloading 5974 unused Assets / (6.8 MB). Loaded Objects now: 6657.
Memory consumption went from 145.8 MB to 139.0 MB.
Total: 10.177200 ms (FindLiveObjects: 0.646300 ms CreateObjectMapping: 0.675800 ms MarkObjects: 4.649100 ms  DeleteObjects: 4.204700 ms)

Prepare: number of updated asset objects reloaded= 0
========================================================================
Received Prepare
Refreshing native plugins compatible for Editor in 0.70 ms, found 3 plugins.
Preloading 0 native plugins for Editor in 0.00 ms.
Unloading 34 Unused Serialized files (Serialized files now loaded: 0)
Unloading 5975 unused Assets / (6.4 MB). Loaded Objects now: 6658.
Memory consumption went from 145.8 MB to 139.4 MB.
Total: 9.971800 ms (FindLiveObjects: 0.703200 ms CreateObjectMapping: 0.687100 ms MarkObjects: 4.864300 ms  DeleteObjects: 3.715800 ms)

Prepare: number of updated asset objects reloaded= 0
========================================================================
Received Import Request.
  Time since last request: 67.090689 seconds.
  path: Assets/Game/NewMonoBehaviourScript.cs
  artifactKey: Guid(f0287eec5bbc40a43bd286e77fa65372) Importer(815301076,1909f56bfc062723c751e8b465ee728b)
Start importing Assets/Game/NewMonoBehaviourScript.cs using Guid(f0287eec5bbc40a43bd286e77fa65372) Importer(815301076,1909f56bfc062723c751e8b465ee728b) (PreviewImporter) -> (artifact id: '555480e2a434563c9041484197eee9c1') in 0.0093231 seconds
Number of updated asset objects reloaded before import = 0Number of asset objects unloaded after import = 0

========================================================================
Received Prepare
Refreshing native plugins compatible for Editor in 0.96 ms, found 3 plugins.
Preloading 0 native plugins for Editor in 0.00 ms.
Unloading 34 Unused Serialized files (Serialized files now loaded: 0)
Unloading 5975 unused Assets / (6.1 MB). Loaded Objects now: 6658.
Memory consumption went from 145.8 MB to 139.6 MB.
Total: 14.542900 ms (FindLiveObjects: 1.264500 ms CreateObjectMapping: 1.158500 ms MarkObjects: 6.423800 ms  DeleteObjects: 5.694400 ms)

Prepare: number of updated asset objects reloaded= 0
========================================================================
Received Prepare
Refreshing native plugins compatible for Editor in 0.69 ms, found 3 plugins.
Preloading 0 native plugins for Editor in 0.00 ms.
Unloading 34 Unused Serialized files (Serialized files now loaded: 0)
Unloading 5975 unused Assets / (6.4 MB). Loaded Objects now: 6658.
Memory consumption went from 145.8 MB to 139.4 MB.
Total: 9.773600 ms (FindLiveObjects: 0.710300 ms CreateObjectMapping: 0.703300 ms MarkObjects: 4.757400 ms  DeleteObjects: 3.601500 ms)

Prepare: number of updated asset objects reloaded= 0
========================================================================
Received Import Request.
  Time since last request: 12.925265 seconds.
  path: Assets/Game/WarpPoint.cs
  artifactKey: Guid(f0287eec5bbc40a43bd286e77fa65372) Importer(815301076,1909f56bfc062723c751e8b465ee728b)
Start importing Assets/Game/WarpPoint.cs using Guid(f0287eec5bbc40a43bd286e77fa65372) Importer(815301076,1909f56bfc062723c751e8b465ee728b) (PreviewImporter) -> (artifact id: '63c9b3a48314bb8bcb4ecd3156840765') in 0.0036053 seconds
Number of updated asset objects reloaded before import = 0Number of asset objects unloaded after import = 0

========================================================================
Received Prepare
Refreshing native plugins compatible for Editor in 0.74 ms, found 3 plugins.
Preloading 0 native plugins for Editor in 0.00 ms.
Unloading 34 Unused Serialized files (Serialized files now loaded: 0)
Unloading 5976 unused Assets / (6.3 MB). Loaded Objects now: 6659.
Memory consumption went from 145.8 MB to 139.5 MB.
Total: 9.781000 ms (FindLiveObjects: 0.687300 ms CreateObjectMapping: 0.738200 ms MarkObjects: 4.565100 ms  DeleteObjects: 3.789200 ms)

Prepare: number of updated asset objects reloaded= 0
========================================================================
Received Prepare
Refreshing native plugins compatible for Editor in 0.70 ms, found 3 plugins.
Preloading 0 native plugins for Editor in 0.00 ms.
Unloading 34 Unused Serialized files (Serialized files now loaded: 0)
Unloading 5976 unused Assets / (6.3 MB). Loaded Objects now: 6659.
Memory consumption went from 145.8 MB to 139.5 MB.
Total: 9.409900 ms (FindLiveObjects: 0.805900 ms CreateObjectMapping: 0.817500 ms MarkObjects: 4.312200 ms  DeleteObjects: 3.473000 ms)

Prepare: number of updated asset objects reloaded= 0
========================================================================
Received Import Request.
  Time since last request: 32.845628 seconds.
  path: Assets/Game/NewMonoBehaviourScript.cs
  artifactKey: Guid(b3bfd0af0164a914d8dc8309ad6e081f) Importer(815301076,1909f56bfc062723c751e8b465ee728b)
Start importing Assets/Game/NewMonoBehaviourScript.cs using Guid(b3bfd0af0164a914d8dc8309ad6e081f) Importer(815301076,1909f56bfc062723c751e8b465ee728b) (PreviewImporter) -> (artifact id: '703f4857ad7dfd6d0a9d405c7487c10a') in 0.0043526 seconds
Number of updated asset objects reloaded before import = 0Number of asset objects unloaded after import = 0

========================================================================
Received Prepare
Refreshing native plugins compatible for Editor in 0.66 ms, found 3 plugins.
Preloading 0 native plugins for Editor in 0.00 ms.
Unloading 34 Unused Serialized files (Serialized files now loaded: 0)
Unloading 5976 unused Assets / (6.3 MB). Loaded Objects now: 6659.
Memory consumption went from 145.8 MB to 139.5 MB.
Total: 9.008800 ms (FindLiveObjects: 0.634400 ms CreateObjectMapping: 0.690000 ms MarkObjects: 4.204100 ms  DeleteObjects: 3.479000 ms)

Prepare: number of updated asset objects reloaded= 0
========================================================================
Received Prepare
Refreshing native plugins compatible for Editor in 0.71 ms, found 3 plugins.
Preloading 0 native plugins for Editor in 0.00 ms.
Unloading 34 Unused Serialized files (Serialized files now loaded: 0)
Unloading 5977 unused Assets / (6.1 MB). Loaded Objects now: 6660.
Memory consumption went from 145.8 MB to 139.7 MB.
Total: 10.382400 ms (FindLiveObjects: 0.655400 ms CreateObjectMapping: 0.643400 ms MarkObjects: 5.394800 ms  DeleteObjects: 3.687700 ms)

Prepare: number of updated asset objects reloaded= 0
========================================================================
Received Import Request.
  Time since last request: 1325.104844 seconds.
  path: Assets/Game/NewMonoBehaviourScript.cs
  artifactKey: Guid(11d069dd345c81a4b9d209bf600acce9) Importer(815301076,1909f56bfc062723c751e8b465ee728b)
Start importing Assets/Game/NewMonoBehaviourScript.cs using Guid(11d069dd345c81a4b9d209bf600acce9) Importer(815301076,1909f56bfc062723c751e8b465ee728b) (PreviewImporter) -> (artifact id: '90d01d7c31bd3f5b2490f6aca6821586') in 0.0053498 seconds
Number of updated asset objects reloaded before import = 0Number of asset objects unloaded after import = 0

========================================================================
Received Prepare
Refreshing native plugins compatible for Editor in 0.78 ms, found 3 plugins.
Preloading 0 native plugins for Editor in 0.00 ms.
Unloading 34 Unused Serialized files (Serialized files now loaded: 0)
Unloading 5977 unused Assets / (6.8 MB). Loaded Objects now: 6660.
Memory consumption went from 145.8 MB to 138.9 MB.
Total: 10.319000 ms (FindLiveObjects: 0.676900 ms CreateObjectMapping: 0.796300 ms MarkObjects: 4.186600 ms  DeleteObjects: 4.657900 ms)

Prepare: number of updated asset objects reloaded= 0
========================================================================
Received Prepare
Refreshing native plugins compatible for Editor in 0.68 ms, found 3 plugins.
Preloading 0 native plugins for Editor in 0.00 ms.
Unloading 34 Unused Serialized files (Serialized files now loaded: 0)
Unloading 5977 unused Assets / (6.2 MB). Loaded Objects now: 6660.
Memory consumption went from 145.8 MB to 139.6 MB.
Total: 8.549700 ms (FindLiveObjects: 0.679100 ms CreateObjectMapping: 0.685000 ms MarkObjects: 3.996700 ms  DeleteObjects: 3.188000 ms)

Prepare: number of updated asset objects reloaded= 0
========================================================================
Received Prepare
Refreshing native plugins compatible for Editor in 1.35 ms, found 3 plugins.
Preloading 0 native plugins for Editor in 0.00 ms.
Unloading 34 Unused Serialized files (Serialized files now loaded: 0)
Unloading 5978 unused Assets / (6.3 MB). Loaded Objects now: 6661.
Memory consumption went from 145.8 MB to 139.5 MB.
Total: 8.506800 ms (FindLiveObjects: 0.754200 ms CreateObjectMapping: 0.646500 ms MarkObjects: 3.901600 ms  DeleteObjects: 3.202300 ms)

Prepare: number of updated asset objects reloaded= 0
========================================================================
Received Prepare
Refreshing native plugins compatible for Editor in 0.77 ms, found 3 plugins.
Preloading 0 native plugins for Editor in 0.00 ms.
Unloading 34 Unused Serialized files (Serialized files now loaded: 0)
Unloading 5978 unused Assets / (6.4 MB). Loaded Objects now: 6661.
Memory consumption went from 145.8 MB to 139.4 MB.
Total: 12.320300 ms (FindLiveObjects: 1.118300 ms CreateObjectMapping: 0.989300 ms MarkObjects: 6.133000 ms  DeleteObjects: 4.078500 ms)

Prepare: number of updated asset objects reloaded= 0
========================================================================
Received Prepare
Refreshing native plugins compatible for Editor in 0.64 ms, found 3 plugins.
Preloading 0 native plugins for Editor in 0.00 ms.
Unloading 34 Unused Serialized files (Serialized files now loaded: 0)
Unloading 5978 unused Assets / (6.2 MB). Loaded Objects now: 6661.
Memory consumption went from 145.8 MB to 139.6 MB.
Total: 9.412300 ms (FindLiveObjects: 0.604500 ms CreateObjectMapping: 0.545000 ms MarkObjects: 4.986300 ms  DeleteObjects: 3.275100 ms)

Prepare: number of updated asset objects reloaded= 0
========================================================================
Received Prepare
Refreshing native plugins compatible for Editor in 0.75 ms, found 0 plugins.
Preloading 0 native plugins for Editor in 0.00 ms.
Unloading 0 Unused Serialized files (Serialized files now loaded: 0)
Unloading 79 unused Assets / (1.0 KB). Loaded Objects now: 816.
Memory consumption went from 118.8 MB to 118.8 MB.
Total: 5.675100 ms (FindLiveObjects: 0.107900 ms CreateObjectMapping: 0.009700 ms MarkObjects: 5.500700 ms  DeleteObjects: 0.055900 ms)

Prepare: number of updated asset objects reloaded= 184
========================================================================
Received Prepare
Refreshing native plugins compatible for Editor in 0.14 ms, found 0 plugins.
Preloading 0 native plugins for Editor in 0.00 ms.
Unloading 0 Unused Serialized files (Serialized files now loaded: 0)
Unloading 1 unused Assets / (38.8 KB). Loaded Objects now: 631.
Memory consumption went from 94.6 MB to 94.6 MB.
Total: 4.636400 ms (FindLiveObjects: 0.045600 ms CreateObjectMapping: 0.005500 ms MarkObjects: 4.506100 ms  DeleteObjects: 0.078300 ms)

Prepare: number of updated asset objects reloaded= 0
AssetImportWorkerClient::OnTransportError - code=10054 error=[g zXgIfB
